50532 execve("/usr/bin/bash", ["bash", "-c", "./pipex \"infile\" \"cat\" \"grep h\" "...], 0x7ffc7d7ef978 /* 77 vars */) = 0
50532 openat(AT_FDCWD, "/etc/ld.so.cache", O_RDONLY|O_CLOEXEC) = 3
50532 close(3)                          = 0
50532 openat(AT_FDCWD, "/lib/x86_64-linux-gnu/libtinfo.so.6", O_RDONLY|O_CLOEXEC) = 3
50532 close(3)                          = 0
50532 openat(AT_FDCWD, "/lib/x86_64-linux-gnu/libc.so.6", O_RDONLY|O_CLOEXEC) = 3
50532 close(3)                          = 0
50532 openat(AT_FDCWD, "/dev/tty", O_RDWR|O_NONBLOCK) = 3
50532 close(3)                          = 0
50532 openat(AT_FDCWD, "/usr/lib/locale/locale-archive", O_RDONLY|O_CLOEXEC) = 3
50532 close(3)                          = 0
50532 openat(AT_FDCWD, "/usr/lib/x86_64-linux-gnu/gconv/gconv-modules.cache", O_RDONLY) = 3
50532 close(3)                          = 0
50532 execve("./pipex", ["./pipex", "infile", "cat", "grep h", "jkl", "outfile"], 0x55ec3310c910 /* 77 vars */) = 0
50532 openat(AT_FDCWD, "/etc/ld.so.cache", O_RDONLY|O_CLOEXEC) = 3
50532 close(3)                          = 0
50532 openat(AT_FDCWD, "/lib/x86_64-linux-gnu/libc.so.6", O_RDONLY|O_CLOEXEC) = 3
50532 close(3)                          = 0
50532 pipe2([3, 4], 0)                  = 0
50532 pipe2([5, 6], 0)                  = 0
50532 clone(child_stack=NULL, flags=CLONE_CHILD_CLEARTID|CLONE_CHILD_SETTID|SIGCHLD, child_tidptr=0x7f5edce4ba10) = 50538
50532 close(4)                          = 0
50532 clone(child_stack=NULL, flags=CLONE_CHILD_CLEARTID|CLONE_CHILD_SETTID|SIGCHLD <unfinished ...>
50538 close(5 <unfinished ...>
50539 close(5)                          = 0
50539 dup2(3, 0)                        = 0
50539 dup2(6, 1)                        = 1
50539 close(3 <unfinished ...>
50532 <... clone resumed>, child_tidptr=0x7f5edce4ba10) = 50539
50539 <... close resumed>)              = 0
50538 <... close resumed>)              = 0
50532 close(6)                          = 0
50532 clone(child_stack=NULL, flags=CLONE_CHILD_CLEARTID|CLONE_CHILD_SETTID|SIGCHLD, child_tidptr=0x7f5edce4ba10) = 50543
50538 close(6)                          = 0
50538 close(3)                          = 0
50538 openat(AT_FDCWD, "infile", O_RDONLY) = 3
50543 dup2(5, 0)                        = 0
50538 dup2(3, 0 <unfinished ...>
50543 openat(AT_FDCWD, "outfile", O_WRONLY|O_CREAT|O_TRUNC, 0666 <unfinished ...>
50538 <... dup2 resumed>)               = 0
50538 dup2(4, 1 <unfinished ...>
50543 <... openat resumed>)             = 4
50538 <... dup2 resumed>)               = 1
50543 dup2(4, 1 <unfinished ...>
50538 close(4 <unfinished ...>
50543 <... dup2 resumed>)               = 1
50538 <... close resumed>)              = 0
50543 close(3 <unfinished ...>
50538 close(3 <unfinished ...>
50543 <... close resumed>)              = 0
50538 <... close resumed>)              = 0
50543 close(5)                          = 0
50543 close(4)                          = 0
50539 close(6 <unfinished ...>
50538 execve("/usr/bin/cat", ["cat"], 0x7ffcb02acd70 /* 77 vars */ <unfinished ...>
50539 <... close resumed>)              = 0
50538 <... execve resumed>)             = 0
50538 openat(AT_FDCWD, "/etc/ld.so.cache", O_RDONLY|O_CLOEXEC) = 3
50538 close(3)                          = 0
50538 openat(AT_FDCWD, "/lib/x86_64-linux-gnu/libc.so.6", O_RDONLY|O_CLOEXEC) = 3
50539 execve("/usr/bin/grep", ["grep", "h"], 0x7ffcb02acd70 /* 77 vars */ <unfinished ...>
50538 close(3 <unfinished ...>
50539 <... execve resumed>)             = 0
50538 <... close resumed>)              = 0
50539 openat(AT_FDCWD, "/etc/ld.so.cache", O_RDONLY|O_CLOEXEC) = 3
50539 close(3)                          = 0
50539 openat(AT_FDCWD, "/lib/x86_64-linux-gnu/libpcre.so.3", O_RDONLY|O_CLOEXEC) = 3
50538 openat(AT_FDCWD, "/usr/lib/locale/locale-archive", O_RDONLY|O_CLOEXEC) = 3
50538 close(3)                          = 0
50538 write(1, "helloooooooooooo\nhehe\nhiiii\nhoi\n"..., 78) = 78
50538 close(0)                          = 0
50538 close(1)                          = 0
50538 close(2)                          = 0
50539 close(3)                          = 0
50539 openat(AT_FDCWD, "/lib/x86_64-linux-gnu/libc.so.6", O_RDONLY|O_CLOEXEC) = 3
50538 +++ exited with 0 +++
50532 --- SIGCHLD {si_signo=SIGCHLD, si_code=CLD_EXITED, si_pid=50538, si_uid=217836, si_status=0, si_utime=0, si_stime=0} ---
50543 write(3, "execute_cmd: command not found o"..., 88) = 88
50543 close(3)                          = 0
50543 +++ exited with 0 +++
50532 --- SIGCHLD {si_signo=SIGCHLD, si_code=CLD_EXITED, si_pid=50543, si_uid=217836, si_status=0, si_utime=0, si_stime=0} ---
50539 close(3)                          = 0
50539 openat(AT_FDCWD, "/usr/lib/locale/locale-archive", O_RDONLY|O_CLOEXEC) = 3
50539 close(3)                          = 0
50539 openat(AT_FDCWD, "/usr/lib/x86_64-linux-gnu/gconv/gconv-modules.cache", O_RDONLY) = 3
50539 close(3)                          = 0
50539 openat(AT_FDCWD, "/usr/share/locale/locale.alias", O_RDONLY|O_CLOEXEC) = 3
50539 close(3)                          = 0
50539 openat(AT_FDCWD, "/usr/share/locale/en/LC_MESSAGES/grep.mo", O_RDONLY) = -1 ENOENT (No such file or directory)
50539 openat(AT_FDCWD, "/usr/share/locale-langpack/en/LC_MESSAGES/grep.mo", O_RDONLY) = -1 ENOENT (No such file or directory)
50539 openat(AT_FDCWD, "/proc/self/maps", O_RDONLY) = 3
50539 close(3)                          = 0
50539 write(1, "helloooooooooooo\nhehe\nhiiii\nhoi\n"..., 51) = 51
50539 close(1)                          = 0
50539 close(2)                          = 0
50539 +++ exited with 0 +++
50532 --- SIGCHLD {si_signo=SIGCHLD, si_code=CLD_EXITED, si_pid=50539, si_uid=217836, si_status=0, si_utime=0, si_stime=0} ---
50532 close(3)                          = 0
50532 close(5)                          = 0
50532 +++ exited with 0 +++
