104122 execve("/usr/bin/bash", ["bash", "-c", "./pipex \"infile\" \"cat\" \"grep h\" "...], 0x7fffd0bfb098 /* 77 vars */) = 0
104122 openat(AT_FDCWD, "/etc/ld.so.cache", O_RDONLY|O_CLOEXEC) = 3
104122 close(3)                         = 0
104122 openat(AT_FDCWD, "/lib/x86_64-linux-gnu/libtinfo.so.6", O_RDONLY|O_CLOEXEC) = 3
104122 close(3)                         = 0
104122 openat(AT_FDCWD, "/lib/x86_64-linux-gnu/libc.so.6", O_RDONLY|O_CLOEXEC) = 3
104122 close(3)                         = 0
104122 openat(AT_FDCWD, "/dev/tty", O_RDWR|O_NONBLOCK) = 3
104122 close(3)                         = 0
104122 openat(AT_FDCWD, "/usr/lib/locale/locale-archive", O_RDONLY|O_CLOEXEC) = 3
104122 close(3)                         = 0
104122 openat(AT_FDCWD, "/usr/lib/x86_64-linux-gnu/gconv/gconv-modules.cache", O_RDONLY) = 3
104122 close(3)                         = 0
104122 execve("./pipex", ["./pipex", "infile", "cat", "grep h", "jkl", "outfile"], 0x55577cb379e0 /* 77 vars */) = 0
104122 openat(AT_FDCWD, "/etc/ld.so.cache", O_RDONLY|O_CLOEXEC) = 3
104122 close(3)                         = 0
104122 openat(AT_FDCWD, "/lib/x86_64-linux-gnu/libc.so.6", O_RDONLY|O_CLOEXEC) = 3
104122 close(3)                         = 0
104122 pipe2([3, 4], 0)                 = 0
104122 pipe2([5, 6], 0)                 = 0
104122 clone(child_stack=NULL, flags=CLONE_CHILD_CLEARTID|CLONE_CHILD_SETTID|SIGCHLD, child_tidptr=0x7fe11ecf6a10) = 104123
104122 close(4)                         = 0
104122 clone(child_stack=NULL, flags=CLONE_CHILD_CLEARTID|CLONE_CHILD_SETTID|SIGCHLD, child_tidptr=0x7fe11ecf6a10) = 104124
104123 close(5 <unfinished ...>
104122 close(6 <unfinished ...>
104123 <... close resumed>)             = 0
104122 <... close resumed>)             = 0
104123 close(6 <unfinished ...>
104122 clone(child_stack=NULL, flags=CLONE_CHILD_CLEARTID|CLONE_CHILD_SETTID|SIGCHLD <unfinished ...>
104124 close(5 <unfinished ...>
104123 <... close resumed>)             = 0
104124 <... close resumed>)             = 0
104123 close(3 <unfinished ...>
104124 dup2(3, 0 <unfinished ...>
104122 <... clone resumed>, child_tidptr=0x7fe11ecf6a10) = 104125
104123 <... close resumed>)             = 0
104124 <... dup2 resumed>)              = 0
104123 openat(AT_FDCWD, "infile", O_RDONLY <unfinished ...>
104124 dup2(6, 1 <unfinished ...>
104123 <... openat resumed>)            = 3
104123 dup2(3, 0)                       = 0
104123 dup2(4, 1)                       = 1
104125 dup2(5, 0 <unfinished ...>
104123 close(4 <unfinished ...>
104125 <... dup2 resumed>)              = 0
104123 <... close resumed>)             = 0
104125 openat(AT_FDCWD, "outfile", O_WRONLY|O_CREAT|O_TRUNC, 0666 <unfinished ...>
104123 close(3 <unfinished ...>
104124 <... dup2 resumed>)              = 1
104123 <... close resumed>)             = 0
104124 close(3)                         = 0
104124 close(6)                         = 0
104125 <... openat resumed>)            = 4
104125 dup2(4, 1)                       = 1
104125 close(3)                         = 0
104125 close(5)                         = 0
104125 close(4)                         = 0
104124 execve("/usr/bin/grep", ["grep", "h"], 0x7ffc8eb53550 /* 77 vars */ <unfinished ...>
104123 execve("/usr/bin/cat", ["cat"], 0x7ffc8eb53550 /* 77 vars */ <unfinished ...>
104124 <... execve resumed>)            = 0
104124 openat(AT_FDCWD, "/etc/ld.so.cache", O_RDONLY|O_CLOEXEC) = 3
104124 close(3)                         = 0
104123 <... execve resumed>)            = 0
104124 openat(AT_FDCWD, "/lib/x86_64-linux-gnu/libpcre.so.3", O_RDONLY|O_CLOEXEC) = 3
104123 openat(AT_FDCWD, "/etc/ld.so.cache", O_RDONLY|O_CLOEXEC) = 3
104123 close(3 <unfinished ...>
104124 close(3 <unfinished ...>
104123 <... close resumed>)             = 0
104124 <... close resumed>)             = 0
104123 openat(AT_FDCWD, "/lib/x86_64-linux-gnu/libc.so.6", O_RDONLY|O_CLOEXEC <unfinished ...>
104124 openat(AT_FDCWD, "/lib/x86_64-linux-gnu/libc.so.6", O_RDONLY|O_CLOEXEC <unfinished ...>
104123 <... openat resumed>)            = 3
104124 <... openat resumed>)            = 3
104125 +++ exited with 0 +++
104124 close(3 <unfinished ...>
104123 close(3 <unfinished ...>
104124 <... close resumed>)             = 0
104123 <... close resumed>)             = 0
104123 openat(AT_FDCWD, "/usr/lib/locale/locale-archive", O_RDONLY|O_CLOEXEC <unfinished ...>
104124 openat(AT_FDCWD, "/usr/lib/locale/locale-archive", O_RDONLY|O_CLOEXEC <unfinished ...>
104123 <... openat resumed>)            = 3
104124 <... openat resumed>)            = 3
104124 close(3)                         = 0
104123 close(3)                         = 0
104124 openat(AT_FDCWD, "/usr/lib/x86_64-linux-gnu/gconv/gconv-modules.cache", O_RDONLY) = 3
104124 close(3)                         = 0
104124 openat(AT_FDCWD, "/usr/share/locale/locale.alias", O_RDONLY|O_CLOEXEC) = 3
104122 --- SIGCHLD {si_signo=SIGCHLD, si_code=CLD_EXITED, si_pid=104125, si_uid=217836, si_status=0, si_utime=0, si_stime=0} ---
104124 close(3)                         = 0
104123 write(1, "helloooooooooooo\nhehe\nhiiii\nhoi\n"..., 78 <unfinished ...>
104124 openat(AT_FDCWD, "/usr/share/locale/en/LC_MESSAGES/grep.mo", O_RDONLY <unfinished ...>
104123 <... write resumed>)             = 78
104124 <... openat resumed>)            = -1 ENOENT (No such file or directory)
104124 openat(AT_FDCWD, "/usr/share/locale-langpack/en/LC_MESSAGES/grep.mo", O_RDONLY) = -1 ENOENT (No such file or directory)
104124 openat(AT_FDCWD, "/proc/self/maps", O_RDONLY) = 3
104123 close(0)                         = 0
104123 close(1)                         = 0
104123 close(2)                         = 0
104124 close(3)                         = 0
104123 +++ exited with 0 +++
104122 --- SIGCHLD {si_signo=SIGCHLD, si_code=CLD_EXITED, si_pid=104123, si_uid=217836, si_status=0, si_utime=0, si_stime=0} ---
104124 write(1, "helloooooooooooo\nhehe\nhiiii\nhoi\n"..., 51) = 51
104124 close(1)                         = 0
104124 close(2)                         = 0
104124 +++ exited with 0 +++
104122 --- SIGCHLD {si_signo=SIGCHLD, si_code=CLD_EXITED, si_pid=104124, si_uid=217836, si_status=0, si_utime=0, si_stime=0} ---
104122 close(3)                         = 0
104122 close(5)                         = 0
104122 +++ exited with 0 +++
