215389 execve("/usr/bin/bash", ["bash", "-c", "./pipex \"noinfile\" \"cat\" \"ls\" \"o"...], 0x7ffe3c27a208 /* 77 vars */) = 0
215389 openat(AT_FDCWD, "/etc/ld.so.cache", O_RDONLY|O_CLOEXEC) = 3
215389 close(3)                         = 0
215389 openat(AT_FDCWD, "/lib/x86_64-linux-gnu/libtinfo.so.6", O_RDONLY|O_CLOEXEC) = 3
215389 close(3)                         = 0
215389 openat(AT_FDCWD, "/lib/x86_64-linux-gnu/libc.so.6", O_RDONLY|O_CLOEXEC) = 3
215389 close(3)                         = 0
215389 openat(AT_FDCWD, "/dev/tty", O_RDWR|O_NONBLOCK) = 3
215389 close(3)                         = 0
215389 openat(AT_FDCWD, "/usr/lib/locale/locale-archive", O_RDONLY|O_CLOEXEC) = 3
215389 close(3)                         = 0
215389 openat(AT_FDCWD, "/usr/lib/x86_64-linux-gnu/gconv/gconv-modules.cache", O_RDONLY) = 3
215389 close(3)                         = 0
215389 execve("./pipex", ["./pipex", "noinfile", "cat", "ls", "outfile"], 0x5614ef457920 /* 77 vars */) = 0
215389 openat(AT_FDCWD, "/etc/ld.so.cache", O_RDONLY|O_CLOEXEC) = 3
215389 close(3)                         = 0
215389 openat(AT_FDCWD, "/lib/x86_64-linux-gnu/libc.so.6", O_RDONLY|O_CLOEXEC) = 3
215389 close(3)                         = 0
215389 write(3, "infile: No such file or director"..., 34) = 34
215389 close(3)                         = 0
215389 +++ exited with 1 +++
